<?xml version="1.0" encoding="UTF-8"?>
<!-- Generated by org.testng.reporters.JUnitXMLReporter -->
<testsuite ignored="0" hostname="Mac.bbrouter" failures="3" tests="4" name="Surefire test" time="298.353" errors="0" timestamp="2025-08-28T14:37:03 IST">
  <testcase classname="com.orangehrm.tests.AdminTest" name="testAdminPageAccess" time="0.017"/>
  <testcase classname="com.orangehrm.tests.AdminTest" name="testAddNewSystemUser" time="104.672">
    <failure type="java.lang.AssertionError" message="Failed to verify navigation to System Users page after adding user">
      <![CDATA[java.lang.AssertionError: Failed to verify navigation to System Users page after adding user
at com.orangehrm.tests.AdminTest.testAddNewSystemUser(AdminTest.java:90)
at java.base/java.util.ArrayList.forEach(ArrayList.java:1604)
... Removed 31 stack frames]]>
    </failure>
  </testcase> <!-- testAddNewSystemUser -->
  <testcase classname="com.orangehrm.tests.AdminTest" name="testAddSystemUserWithDataProvider" time="65.224">
    <failure type="java.lang.AssertionError" message="Failed to add new user with data provider expected [true] but found [false]">
      <![CDATA[java.lang.AssertionError: Failed to add new user with data provider expected [true] but found [false]
at com.orangehrm.tests.AdminTest.testAddSystemUserWithDataProvider(AdminTest.java:128)
at java.base/java.util.ArrayList.forEach(ArrayList.java:1604)
... Removed 33 stack frames]]>
    </failure>
  </testcase> <!-- testAddSystemUserWithDataProvider -->
  <testcase classname="com.orangehrm.tests.AdminTest" name="testAddUserWithExistingUsername" time="84.311">
    <failure type="java.lang.AssertionError" message="Failed to add first user with username: testuser_830a7cce expected [true] but found [false]">
      <![CDATA[java.lang.AssertionError: Failed to add first user with username: testuser_830a7cce expected [true] but found [false]
at com.orangehrm.tests.AdminTest.testAddUserWithExistingUsername(AdminTest.java:176)
at java.base/java.util.ArrayList.forEach(ArrayList.java:1604)
... Removed 33 stack frames]]>
    </failure>
  </testcase> <!-- testAddUserWithExistingUsername -->
</testsuite> <!-- Surefire test -->
